  AerealEnemy.cpp
C:\Users\danie\OneDrive\Desktop\Image Campus\4to CUATRI\Desarrollo de videojuegos 1\tps\MoonPatrol-fork\MoonPatrol\src\GameObjects\Enemy.h(2,10): fatal error C1083: Cannot open include file: 'raylib.h': No such file or directory
  BackgroundImage.cpp
C:\Users\danie\OneDrive\Desktop\Image Campus\4to CUATRI\Desarrollo de videojuegos 1\tps\MoonPatrol-fork\MoonPatrol\src\GameObjects\BackgroundImage.h(2,10): fatal error C1083: Cannot open include file: 'raylib.h': No such file or directory
  Bullets.cpp
C:\Users\danie\OneDrive\Desktop\Image Campus\4to CUATRI\Desarrollo de videojuegos 1\tps\MoonPatrol-fork\MoonPatrol\src\GameObjects\Bullets.h(3,10): fatal error C1083: Cannot open include file: 'raylib.h': No such file or directory
  Enemy.cpp
C:\Users\danie\OneDrive\Desktop\Image Campus\4to CUATRI\Desarrollo de videojuegos 1\tps\MoonPatrol-fork\MoonPatrol\src\GameObjects\Enemy.h(2,10): fatal error C1083: Cannot open include file: 'raylib.h': No such file or directory
  FirstPlayer.cpp
C:\Users\danie\OneDrive\Desktop\Image Campus\4to CUATRI\Desarrollo de videojuegos 1\tps\MoonPatrol-fork\MoonPatrol\src\GameObjects\FirstPlayer.h(2,10): fatal error C1083: Cannot open include file: 'raylib.h': No such file or directory
  GroundEnemy.cpp
C:\Users\danie\OneDrive\Desktop\Image Campus\4to CUATRI\Desarrollo de videojuegos 1\tps\MoonPatrol-fork\MoonPatrol\src\GameObjects\Enemy.h(2,10): fatal error C1083: Cannot open include file: 'raylib.h': No such file or directory
  Player.cpp
C:\Users\danie\OneDrive\Desktop\Image Campus\4to CUATRI\Desarrollo de videojuegos 1\tps\MoonPatrol-fork\MoonPatrol\src\GameObjects\Player.h(2,10): fatal error C1083: Cannot open include file: 'raylib.h': No such file or directory
  SecondPlayer.cpp
C:\Users\danie\OneDrive\Desktop\Image Campus\4to CUATRI\Desarrollo de videojuegos 1\tps\MoonPatrol-fork\MoonPatrol\src\GameObjects\SecondPlayer.h(2,10): fatal error C1083: Cannot open include file: 'raylib.h': No such file or directory
  main.cpp
  CreditsMenu.cpp
C:\Users\danie\OneDrive\Desktop\Image Campus\4to CUATRI\Desarrollo de videojuegos 1\tps\MoonPatrol-fork\MoonPatrol\src\System\CreditsMenu.cpp(1,10): fatal error C1083: Cannot open include file: 'System/MainMenu.h': No such file or directory
  MainMenu.cpp
C:\Users\danie\OneDrive\Desktop\Image Campus\4to CUATRI\Desarrollo de videojuegos 1\tps\MoonPatrol-fork\MoonPatrol\src\System\MainMenu.h(3,10): fatal error C1083: Cannot open include file: 'raylib.h': No such file or directory
  GameLoop.cpp
C:\Users\danie\OneDrive\Desktop\Image Campus\4to CUATRI\Desarrollo de videojuegos 1\tps\MoonPatrol-fork\MoonPatrol\src\System\GameLoop.h(2,10): fatal error C1083: Cannot open include file: 'GameObjects/Enemy.h': No such file or directory
  OptionsMenu.cpp
C:\Users\danie\OneDrive\Desktop\Image Campus\4to CUATRI\Desarrollo de videojuegos 1\tps\MoonPatrol-fork\MoonPatrol\src\System\OptionsMenu.cpp(1,10): fatal error C1083: Cannot open include file: 'System/MainMenu.h': No such file or directory
  Generating Code...
